[  5%] Built target rtabmap_utilite
[  5%] Built target res_tool
[ 56%] Built target rtabmap_core
[ 56%] [34m[1mAutomatic MOC and UIC for target rtabmap_gui[0m
[ 56%] Built target rtabmap_gui_autogen
[ 73%] Built target rtabmap_gui
[ 74%] Built target rtabmap_app
[ 75%] Built target consoleApp
[ 76%] Built target imagesJoiner
[ 76%] Built target extractObject
[ 77%] Built target camera
[ 78%] Built target stereoEval
[ 79%] Built target kitti_dataset
[ 80%] Built target rgbd_dataset
[ 81%] Built target euroc_dataset
[ 82%] Built target recovery
[ 83%] Built target reprocess
[ 84%] Built target detectMoreLoopClosures
[ 85%] Built target export
[ 86%] Built target report
[ 87%] Built target info
[ 88%] Built target cleanupLocalGrids
[ 89%] Built target globalBundleAdjustment
[ 90%] Built target rgbd_camera
[ 91%] Built target databaseViewer
[ 92%] Built target epipolar_geometry
[ 93%] Built target odometryViewer
[ 93%] Built target dataRecorder
[ 94%] Built target calibration
[ 95%] Built target matcher
[ 95%] Built target bow_mapping
[ 96%] [34m[1mAutomatic MOC and UIC for target rgbd_mapping[0m
[ 96%] Built target rgbd_mapping_autogen
[ 97%] Built target rgbd_mapping
[ 98%] [34m[1mAutomatic MOC and UIC for target wifi_mapping[0m
[ 98%] Built target wifi_mapping_autogen
[ 99%] Built target wifi_mapping
[ 99%] [34m[1mAutomatic MOC and UIC for target noEventsExample[0m
[ 99%] Built target noEventsExample_autogen
[100%] Built target noEventsExample
-- Install configuration: "Release"
-- Up-to-date: /home/user/ros2_ws/install/rtabmap/lib/rtabmap-0.21/RTABMapTargets.cmake
-- Up-to-date: /home/user/ros2_ws/install/rtabmap/lib/rtabmap-0.21/RTABMapConfig.cmake
-- Up-to-date: /home/user/ros2_ws/install/rtabmap/lib/rtabmap-0.21/RTABMapConfigVersion.cmake
-- Up-to-date: /home/user/ros2_ws/install/rtabmap/share/rtabmap/package.xml
-- Up-to-date: /home/user/ros2_ws/install/rtabmap/lib/librtabmap_utilite.so.0.21.4
-- Up-to-date: /home/user/ros2_ws/install/rtabmap/lib/librtabmap_utilite.so.0.21
-- Up-to-date: /home/user/ros2_ws/install/rtabmap/lib/librtabmap_utilite.so
-- Up-to-date: /home/user/ros2_ws/install/rtabmap/include/rtabmap-0.21/rtabmap
-- Up-to-date: /home/user/ros2_ws/install/rtabmap/include/rtabmap-0.21/rtabmap/utilite
-- Up-to-date: /home/user/ros2_ws/install/rtabmap/include/rtabmap-0.21/rtabmap/utilite/UEvent.h
-- Up-to-date: /home/user/ros2_ws/install/rtabmap/include/rtabmap-0.21/rtabmap/utilite/UProcessInfo.h
-- Up-to-date: /home/user/ros2_ws/install/rtabmap/include/rtabmap-0.21/rtabmap/utilite/UFile.h
-- Up-to-date: /home/user/ros2_ws/install/rtabmap/include/rtabmap-0.21/rtabmap/utilite/UDestroyer.h
-- Up-to-date: /home/user/ros2_ws/install/rtabmap/include/rtabmap-0.21/rtabmap/utilite/UObjDeletionThread.h
-- Up-to-date: /home/user/ros2_ws/install/rtabmap/include/rtabmap-0.21/rtabmap/utilite/UMath.h
-- Up-to-date: /home/user/ros2_ws/install/rtabmap/include/rtabmap-0.21/rtabmap/utilite/UStl.h
-- Up-to-date: /home/user/ros2_ws/install/rtabmap/include/rtabmap-0.21/rtabmap/utilite/UTimer.h
-- Up-to-date: /home/user/ros2_ws/install/rtabmap/include/rtabmap-0.21/rtabmap/utilite/UEventsHandler.h
-- Up-to-date: /home/user/ros2_ws/install/rtabmap/include/rtabmap-0.21/rtabmap/utilite/UEventsManager.h
-- Up-to-date: /home/user/ros2_ws/install/rtabmap/include/rtabmap-0.21/rtabmap/utilite/UEventsSender.h
-- Up-to-date: /home/user/ros2_ws/install/rtabmap/include/rtabmap-0.21/rtabmap/utilite/UThread.h
-- Up-to-date: /home/user/ros2_ws/install/rtabmap/include/rtabmap-0.21/rtabmap/utilite/UtiLite.h
-- Up-to-date: /home/user/ros2_ws/install/rtabmap/include/rtabmap-0.21/rtabmap/utilite/UThreadC.h
-- Up-to-date: /home/user/ros2_ws/install/rtabmap/include/rtabmap-0.21/rtabmap/utilite/UException.h
-- Up-to-date: /home/user/ros2_ws/install/rtabmap/include/rtabmap-0.21/rtabmap/utilite/UDirectory.h
-- Up-to-date: /home/user/ros2_ws/install/rtabmap/include/rtabmap-0.21/rtabmap/utilite/UConversion.h
-- Up-to-date: /home/user/ros2_ws/install/rtabmap/include/rtabmap-0.21/rtabmap/utilite/ULogger.h
-- Up-to-date: /home/user/ros2_ws/install/rtabmap/include/rtabmap-0.21/rtabmap/utilite/UVariant.h
-- Up-to-date: /home/user/ros2_ws/install/rtabmap/include/rtabmap-0.21/rtabmap/utilite/Win32
-- Up-to-date: /home/user/ros2_ws/install/rtabmap/include/rtabmap-0.21/rtabmap/utilite/Win32/UThreadC.h
-- Up-to-date: /home/user/ros2_ws/install/rtabmap/include/rtabmap-0.21/rtabmap/utilite/Win32/UWin32.h
-- Up-to-date: /home/user/ros2_ws/install/rtabmap/include/rtabmap-0.21/rtabmap/utilite/UThreadNode.h
-- Up-to-date: /home/user/ros2_ws/install/rtabmap/include/rtabmap-0.21/rtabmap/utilite/Posix
-- Up-to-date: /home/user/ros2_ws/install/rtabmap/include/rtabmap-0.21/rtabmap/utilite/Posix/UThreadC.h
-- Up-to-date: /home/user/ros2_ws/install/rtabmap/include/rtabmap-0.21/rtabmap/utilite/USemaphore.h
-- Up-to-date: /home/user/ros2_ws/install/rtabmap/include/rtabmap-0.21/rtabmap/utilite/UMutex.h
-- Up-to-date: /home/user/ros2_ws/install/rtabmap/include/rtabmap-0.21/rtabmap
-- Up-to-date: /home/user/ros2_ws/install/rtabmap/include/rtabmap-0.21/rtabmap/utilite
-- Up-to-date: /home/user/ros2_ws/install/rtabmap/include/rtabmap-0.21/rtabmap/utilite/utilite_export.h
-- Up-to-date: /home/user/ros2_ws/install/rtabmap/lib/rtabmap-0.21/RTABMap_utiliteTargets.cmake
-- Up-to-date: /home/user/ros2_ws/install/rtabmap/lib/rtabmap-0.21/RTABMap_utiliteTargets-release.cmake
-- Up-to-date: /home/user/ros2_ws/install/rtabmap/bin/rtabmap-res_tool-0.3.0
-- Up-to-date: /home/user/ros2_ws/install/rtabmap/bin/rtabmap-res_tool
-- Up-to-date: /home/user/ros2_ws/install/rtabmap/lib/librtabmap_core.so.0.21.4
-- Up-to-date: /home/user/ros2_ws/install/rtabmap/lib/librtabmap_core.so.0.21
-- Up-to-date: /home/user/ros2_ws/install/rtabmap/lib/librtabmap_core.so
-- Up-to-date: /home/user/ros2_ws/install/rtabmap/include/rtabmap-0.21/rtabmap
-- Up-to-date: /home/user/ros2_ws/install/rtabmap/include/rtabmap-0.21/rtabmap/core
-- Up-to-date: /home/user/ros2_ws/install/rtabmap/include/rtabmap-0.21/rtabmap/core/RegistrationVis.h
-- Up-to-date: /home/user/ros2_ws/install/rtabmap/include/rtabmap-0.21/rtabmap/core/Features2d.h
-- Up-to-date: /home/user/ros2_ws/install/rtabmap/include/rtabmap-0.21/rtabmap/core/Rtabmap.h
-- Up-to-date: /home/user/ros2_ws/install/rtabmap/include/rtabmap-0.21/rtabmap/core/UserDataEvent.h
-- Up-to-date: /home/user/ros2_ws/install/rtabmap/include/rtabmap-0.21/rtabmap/core/optimizer
-- Up-to-date: /home/user/ros2_ws/install/rtabmap/include/rtabmap-0.21/rtabmap/core/optimizer/OptimizerG2O.h
-- Up-to-date: /home/user/ros2_ws/install/rtabmap/include/rtabmap-0.21/rtabmap/core/optimizer/OptimizerGTSAM.h
-- Up-to-date: /home/user/ros2_ws/install/rtabmap/include/rtabmap-0.21/rtabmap/core/optimizer/OptimizerCeres.h
-- Up-to-date: /home/user/ros2_ws/install/rtabmap/include/rtabmap-0.21/rtabmap/core/optimizer/OptimizerCVSBA.h
-- Up-to-date: /home/user/ros2_ws/install/rtabmap/include/rtabmap-0.21/rtabmap/core/optimizer/OptimizerTORO.h
-- Up-to-date: /home/user/ros2_ws/install/rtabmap/include/rtabmap-0.21/rtabmap/core/EpipolarGeometry.h
-- Up-to-date: /home/user/ros2_ws/install/rtabmap/include/rtabmap-0.21/rtabmap/core/StereoDense.h
-- Up-to-date: /home/user/ros2_ws/install/rtabmap/include/rtabmap-0.21/rtabmap/core/odometry
-- Up-to-date: /home/user/ros2_ws/install/rtabmap/include/rtabmap-0.21/rtabmap/core/odometry/OdometryViso2.h
-- Up-to-date: /home/user/ros2_ws/install/rtabmap/include/rtabmap-0.21/rtabmap/core/odometry/OdometryFLOAM.h
-- Up-to-date: /home/user/ros2_ws/install/rtabmap/include/rtabmap-0.21/rtabmap/core/odometry/OdometryVINS.h
-- Up-to-date: /home/user/ros2_ws/install/rtabmap/include/rtabmap-0.21/rtabmap/core/odometry/OdometryFovis.h
-- Up-to-date: /home/user/ros2_ws/install/rtabmap/include/rtabmap-0.21/rtabmap/core/odometry/OdometryORBSLAM2.h
-- Up-to-date: /home/user/ros2_ws/install/rtabmap/include/rtabmap-0.21/rtabmap/core/odometry/OdometryDVO.h
-- Up-to-date: /home/user/ros2_ws/install/rtabmap/include/rtabmap-0.21/rtabmap/core/odometry/OdometryMSCKF.h
-- Up-to-date: /home/user/ros2_ws/install/rtabmap/include/rtabmap-0.21/rtabmap/core/odometry/OdometryF2F.h
-- Up-to-date: /home/user/ros2_ws/install/rtabmap/include/rtabmap-0.21/rtabmap/core/odometry/OdometryF2M.h
-- Up-to-date: /home/user/ros2_ws/install/rtabmap/include/rtabmap-0.21/rtabmap/core/odometry/OdometryOpenVINS.h
-- Up-to-date: /home/user/ros2_ws/install/rtabmap/include/rtabmap-0.21/rtabmap/core/odometry/OdometryORBSLAM3.h
-- Up-to-date: /home/user/ros2_ws/install/rtabmap/include/rtabmap-0.21/rtabmap/core/odometry/OdometryOpen3D.h
-- Up-to-date: /home/user/ros2_ws/install/rtabmap/include/rtabmap-0.21/rtabmap/core/odometry/OdometryMono.h
-- Up-to-date: /home/user/ros2_ws/install/rtabmap/include/rtabmap-0.21/rtabmap/core/odometry/OdometryLOAM.h
-- Up-to-date: /home/user/ros2_ws/install/rtabmap/include/rtabmap-0.21/rtabmap/core/odometry/OdometryOkvis.h
-- Up-to-date: /home/user/ros2_ws/install/rtabmap/include/rtabmap-0.21/rtabmap/core/OccupancyGrid.h
-- Up-to-date: /home/user/ros2_ws/install/rtabmap/include/rtabmap-0.21/rtabmap/core/clams
-- Up-to-date: /home/user/ros2_ws/install/rtabmap/include/rtabmap-0.21/rtabmap/core/clams/slam_calibrator.h
-- Up-to-date: /home/user/ros2_ws/install/rtabmap/include/rtabmap-0.21/rtabmap/core/clams/discrete_depth_distortion_model.h
-- Up-to-date: /home/user/ros2_ws/install/rtabmap/include/rtabmap-0.21/rtabmap/core/clams/frame_projector.h
-- Up-to-date: /home/user/ros2_ws/install/rtabmap/include/rtabmap-0.21/rtabmap/core/IMUFilter.h
-- Up-to-date: /home/user/ros2_ws/install/rtabmap/include/rtabmap-0.21/rtabmap/core/RegistrationIcp.h
-- Up-to-date: /home/user/ros2_ws/install/rtabmap/include/rtabmap-0.21/rtabmap/core/DBDriver.h
-- Up-to-date: /home/user/ros2_ws/install/rtabmap/include/rtabmap-0.21/rtabmap/core/Signature.h
-- Up-to-date: /home/user/ros2_ws/install/rtabmap/include/rtabmap-0.21/rtabmap/core/Compression.h
-- Up-to-date: /home/user/ros2_ws/install/rtabmap/include/rtabmap-0.21/rtabmap/core/Registration.h
-- Up-to-date: /home/user/ros2_ws/install/rtabmap/include/rtabmap-0.21/rtabmap/core/util3d_registration.h
-- Up-to-date: /home/user/ros2_ws/install/rtabmap/include/rtabmap-0.21/rtabmap/core/impl
-- Up-to-date: /home/user/ros2_ws/install/rtabmap/include/rtabmap-0.21/rtabmap/core/impl/LocalMapMaker.hpp
-- Up-to-date: /home/user/ros2_ws/install/rtabmap/include/rtabmap-0.21/rtabmap/core/impl/util3d_surface.hpp
-- Up-to-date: /home/user/ros2_ws/install/rtabmap/include/rtabmap-0.21/rtabmap/core/impl/util3d.hpp
-- Up-to-date: /home/user/ros2_ws/install/rtabmap/include/rtabmap-0.21/rtabmap/core/impl/util3d_mapping.hpp
-- Up-to-date: /home/user/ros2_ws/install/rtabmap/include/rtabmap-0.21/rtabmap/core/Statistics.h
-- Up-to-date: /home/user/ros2_ws/install/rtabmap/include/rtabmap-0.21/rtabmap/core/DBDriverSqlite3.h
-- Up-to-date: /home/user/ros2_ws/install/rtabmap/include/rtabmap-0.21/rtabmap/core/OdometryEvent.h
-- Up-to-date: /home/user/ros2_ws/install/rtabmap/include/rtabmap-0.21/rtabmap/core/Memory.h
-- Up-to-date: /home/user/ros2_ws/install/rtabmap/include/rtabmap-0.21/rtabmap/core/Landmark.h
-- Up-to-date: /home/user/ros2_ws/install/rtabmap/include/rtabmap-0.21/rtabmap/core/GlobalMap.h
-- Up-to-date: /home/user/ros2_ws/install/rtabmap/include/rtabmap-0.21/rtabmap/core/CameraInfo.h
-- Up-to-date: /home/user/ros2_ws/install/rtabmap/include/rtabmap-0.21/rtabmap/core/RtabmapThread.h
-- Up-to-date: /home/user/ros2_ws/install/rtabmap/include/rtabmap-0.21/rtabmap/core/IMUThread.h
-- Up-to-date: /home/user/ros2_ws/install/rtabmap/include/rtabmap-0.21/rtabmap/core/RtabmapEvent.h
-- Up-to-date: /home/user/ros2_ws/install/rtabmap/include/rtabmap-0.21/rtabmap/core/Odometry.h
-- Up-to-date: /home/user/ros2_ws/install/rtabmap/include/rtabmap-0.21/rtabmap/core/LocalGrid.h
-- Up-to-date: /home/user/ros2_ws/install/rtabmap/include/rtabmap-0.21/rtabmap/core/Optimizer.h
-- Up-to-date: /home/user/ros2_ws/install/rtabmap/include/rtabmap-0.21/rtabmap/core/VWDictionary.h
-- Up-to-date: /home/user/ros2_ws/install/rtabmap/include/rtabmap-0.21/rtabmap/core/Graph.h
-- Up-to-date: /home/user/ros2_ws/install/rtabmap/include/rtabmap-0.21/rtabmap/core/OctoMap.h
-- Up-to-date: /home/user/ros2_ws/install/rtabmap/include/rtabmap-0.21/rtabmap/core/CameraThread.h
-- Up-to-date: /home/user/ros2_ws/install/rtabmap/include/rtabmap-0.21/rtabmap/core/Transform.h
-- Up-to-date: /home/user/ros2_ws/install/rtabmap/include/rtabmap-0.21/rtabmap/core/Link.h
-- Up-to-date: /home/user/ros2_ws/install/rtabmap/include/rtabmap-0.21/rtabmap/core/Camera.h
-- Up-to-date: /home/user/ros2_ws/install/rtabmap/include/rtabmap-0.21/rtabmap/core/stereo
-- Up-to-date: /home/user/ros2_ws/install/rtabmap/include/rtabmap-0.21/rtabmap/core/stereo/StereoBM.h
-- Up-to-date: /home/user/ros2_ws/install/rtabmap/include/rtabmap-0.21/rtabmap/core/stereo/StereoSGBM.h
-- Up-to-date: /home/user/ros2_ws/install/rtabmap/include/rtabmap-0.21/rtabmap/core/stereo/stereoRectifyFisheye.h
-- Up-to-date: /home/user/ros2_ws/install/rtabmap/include/rtabmap-0.21/rtabmap/core/CameraEvent.h
-- Up-to-date: /home/user/ros2_ws/install/rtabmap/include/rtabmap-0.21/rtabmap/core/EnvSensor.h
-- Up-to-date: /home/user/ros2_ws/install/rtabmap/include/rtabmap-0.21/rtabmap/core/CameraRGB.h
-- Up-to-date: /home/user/ros2_ws/install/rtabmap/include/rtabmap-0.21/rtabmap/core/BayesFilter.h
-- Up-to-date: /home/user/ros2_ws/install/rtabmap/include/rtabmap-0.21/rtabmap/core/util3d.h
-- Up-to-date: /home/user/ros2_ws/install/rtabmap/include/rtabmap-0.21/rtabmap/core/StereoCameraModel.h
-- Up-to-date: /home/user/ros2_ws/install/rtabmap/include/rtabmap-0.21/rtabmap/core/GPS.h
-- Up-to-date: /home/user/ros2_ws/install/rtabmap/include/rtabmap-0.21/rtabmap/core/LocalGridMaker.h
-- Up-to-date: /home/user/ros2_ws/install/rtabmap/include/rtabmap-0.21/rtabmap/core/ParticleFilter.h
-- Up-to-date: /home/user/ros2_ws/install/rtabmap/include/rtabmap-0.21/rtabmap/core/FlannIndex.h
-- Up-to-date: /home/user/ros2_ws/install/rtabmap/include/rtabmap-0.21/rtabmap/core/ParamEvent.h
-- Up-to-date: /home/user/ros2_ws/install/rtabmap/include/rtabmap-0.21/rtabmap/core/util3d_correspondences.h
-- Up-to-date: /home/user/ros2_ws/install/rtabmap/include/rtabmap-0.21/rtabmap/core/RegistrationInfo.h
-- Up-to-date: /home/user/ros2_ws/install/rtabmap/include/rtabmap-0.21/rtabmap/core/CameraRGBD.h
-- Up-to-date: /home/user/ros2_ws/install/rtabmap/include/rtabmap-0.21/rtabmap/core/DBReader.h
-- Up-to-date: /home/user/ros2_ws/install/rtabmap/include/rtabmap-0.21/rtabmap/core/MarkerDetector.h
-- Up-to-date: /home/user/ros2_ws/install/rtabmap/include/rtabmap-0.21/rtabmap/core/OdometryInfo.h
-- Up-to-date: /home/user/ros2_ws/install/rtabmap/include/rtabmap-0.21/rtabmap/core/util3d_mapping.h
-- Up-to-date: /home/user/ros2_ws/install/rtabmap/include/rtabmap-0.21/rtabmap/core/SensorData.h
-- Up-to-date: /home/user/ros2_ws/install/rtabmap/include/rtabmap-0.21/rtabmap/core/PythonInterface.h
-- Up-to-date: /home/user/ros2_ws/install/rtabmap/include/rtabmap-0.21/rtabmap/core/util3d_surface.h
-- Up-to-date: /home/user/ros2_ws/install/rtabmap/include/rtabmap-0.21/rtabmap/core/OdometryThread.h
-- Up-to-date: /home/user/ros2_ws/install/rtabmap/include/rtabmap-0.21/rtabmap/core/PDALWriter.h
-- Up-to-date: /home/user/ros2_ws/install/rtabmap/include/rtabmap-0.21/rtabmap/core/util3d_motion_estimation.h
-- Up-to-date: /home/user/ros2_ws/install/rtabmap/include/rtabmap-0.21/rtabmap/core/LaserScan.h
-- Up-to-date: /home/user/ros2_ws/install/rtabmap/include/rtabmap-0.21/rtabmap/core/CameraModel.h
-- Up-to-date: /home/user/ros2_ws/install/rtabmap/include/rtabmap-0.21/rtabmap/core/Image.h
-- Up-to-date: /home/user/ros2_ws/install/rtabmap/include/rtabmap-0.21/rtabmap/core/Recovery.h
-- Up-to-date: /home/user/ros2_ws/install/rtabmap/include/rtabmap-0.21/rtabmap/core/camera
-- Up-to-date: /home/user/ros2_ws/install/rtabmap/include/rtabmap-0.21/rtabmap/core/camera/CameraFreenect2.h
-- Up-to-date: /home/user/ros2_ws/install/rtabmap/include/rtabmap-0.21/rtabmap/core/camera/CameraStereoDC1394.h
-- Up-to-date: /home/user/ros2_ws/install/rtabmap/include/rtabmap-0.21/rtabmap/core/camera/CameraStereoImages.h
-- Up-to-date: /home/user/ros2_ws/install/rtabmap/include/rtabmap-0.21/rtabmap/core/camera/CameraVideo.h
-- Up-to-date: /home/user/ros2_ws/install/rtabmap/include/rtabmap-0.21/rtabmap/core/camera/CameraRGBDImages.h
-- Up-to-date: /home/user/ros2_ws/install/rtabmap/include/rtabmap-0.21/rtabmap/core/camera/CameraMyntEye.h
-- Up-to-date: /home/user/ros2_ws/install/rtabmap/include/rtabmap-0.21/rtabmap/core/camera/CameraRealSense.h
-- Up-to-date: /home/user/ros2_ws/install/rtabmap/include/rtabmap-0.21/rtabmap/core/camera/CameraRealSense2.h
-- Up-to-date: /home/user/ros2_ws/install/rtabmap/include/rtabmap-0.21/rtabmap/core/camera/CameraStereoVideo.h
-- Up-to-date: /home/user/ros2_ws/install/rtabmap/include/rtabmap-0.21/rtabmap/core/camera/CameraImages.h
-- Up-to-date: /home/user/ros2_ws/install/rtabmap/include/rtabmap-0.21/rtabmap/core/camera/CameraK4W2.h
-- Up-to-date: /home/user/ros2_ws/install/rtabmap/include/rtabmap-0.21/rtabmap/core/camera/CameraStereoZedOC.h
-- Up-to-date: /home/user/ros2_ws/install/rtabmap/include/rtabmap-0.21/rtabmap/core/camera/CameraStereoTara.h
-- Up-to-date: /home/user/ros2_ws/install/rtabmap/include/rtabmap-0.21/rtabmap/core/camera/CameraFreenect.h
-- Up-to-date: /home/user/ros2_ws/install/rtabmap/include/rtabmap-0.21/rtabmap/core/camera/CameraK4A.h
-- Up-to-date: /home/user/ros2_ws/install/rtabmap/include/rtabmap-0.21/rtabmap/core/camera/CameraDepthAI.h
-- Up-to-date: /home/user/ros2_ws/install/rtabmap/include/rtabmap-0.21/rtabmap/core/camera/CameraStereoFlyCapture2.h
-- Up-to-date: /home/user/ros2_ws/install/rtabmap/include/rtabmap-0.21/rtabmap/core/camera/CameraOpenNICV.h
-- Up-to-date: /home/user/ros2_ws/install/rtabmap/include/rtabmap-0.21/rtabmap/core/camera/CameraOpenNI2.h
-- Up-to-date: /home/user/ros2_ws/install/rtabmap/include/rtabmap-0.21/rtabmap/core/camera/CameraOpenni.h
-- Up-to-date: /home/user/ros2_ws/install/rtabmap/include/rtabmap-0.21/rtabmap/core/camera/CameraStereoZed.h
-- Up-to-date: /home/user/ros2_ws/install/rtabmap/include/rtabmap-0.21/rtabmap/core/Stereo.h
-- Up-to-date: /home/user/ros2_ws/install/rtabmap/include/rtabmap-0.21/rtabmap/core/IMU.h
-- Up-to-date: /home/user/ros2_ws/install/rtabmap/include/rtabmap-0.21/rtabmap/core/ProgressState.h
-- Up-to-date: /home/user/ros2_ws/install/rtabmap/include/rtabmap-0.21/rtabmap/core/GlobalDescriptor.h
-- Up-to-date: /home/user/ros2_ws/install/rtabmap/include/rtabmap-0.21/rtabmap/core/GainCompensator.h
-- Up-to-date: /home/user/ros2_ws/install/rtabmap/include/rtabmap-0.21/rtabmap/core/VisualWord.h
-- Up-to-date: /home/user/ros2_ws/install/rtabmap/include/rtabmap-0.21/rtabmap/core/CameraStereo.h
-- Up-to-date: /home/user/ros2_ws/install/rtabmap/include/rtabmap-0.21/rtabmap/core/global_map
-- Up-to-date: /home/user/ros2_ws/install/rtabmap/include/rtabmap-0.21/rtabmap/core/global_map/CloudMap.h
-- Up-to-date: /home/user/ros2_ws/install/rtabmap/include/rtabmap-0.21/rtabmap/core/global_map/OccupancyGrid.h
-- Up-to-date: /home/user/ros2_ws/install/rtabmap/include/rtabmap-0.21/rtabmap/core/global_map/GridMap.h
-- Up-to-date: /home/user/ros2_ws/install/rtabmap/include/rtabmap-0.21/rtabmap/core/global_map/OctoMap.h
-- Up-to-date: /home/user/ros2_ws/install/rtabmap/include/rtabmap-0.21/rtabmap/core/util3d_features.h
-- Up-to-date: /home/user/ros2_ws/install/rtabmap/include/rtabmap-0.21/rtabmap/core/util3d_filtering.h
-- Up-to-date: /home/user/ros2_ws/install/rtabmap/include/rtabmap-0.21/rtabmap/core/GeodeticCoords.h
-- Up-to-date: /home/user/ros2_ws/install/rtabmap/include/rtabmap-0.21/rtabmap/core/util2d.h
-- Up-to-date: /home/user/ros2_ws/install/rtabmap/include/rtabmap-0.21/rtabmap/core/util3d_transforms.h
-- Up-to-date: /home/user/ros2_ws/install/rtabmap/include/rtabmap-0.21/rtabmap/core/Parameters.h
-- Up-to-date: /home/user/ros2_ws/install/rtabmap/include/rtabmap-0.21/rtabmap
-- Up-to-date: /home/user/ros2_ws/install/rtabmap/include/rtabmap-0.21/rtabmap/core
-- Up-to-date: /home/user/ros2_ws/install/rtabmap/include/rtabmap-0.21/rtabmap/core/Version.h
-- Up-to-date: /home/user/ros2_ws/install/rtabmap/include/rtabmap-0.21/rtabmap/core/rtabmap_core_export.h
-- Up-to-date: /home/user/ros2_ws/install/rtabmap/lib/rtabmap-0.21/RTABMap_coreTargets.cmake
-- Up-to-date: /home/user/ros2_ws/install/rtabmap/lib/rtabmap-0.21/RTABMap_coreTargets-release.cmake
-- Up-to-date: /home/user/ros2_ws/install/rtabmap/lib/librtabmap_gui.so.0.21.4
-- Up-to-date: /home/user/ros2_ws/install/rtabmap/lib/librtabmap_gui.so.0.21
-- Up-to-date: /home/user/ros2_ws/install/rtabmap/lib/librtabmap_gui.so
-- Up-to-date: /home/user/ros2_ws/install/rtabmap/include/rtabmap-0.21/rtabmap
-- Up-to-date: /home/user/ros2_ws/install/rtabmap/include/rtabmap-0.21/rtabmap/gui
-- Up-to-date: /home/user/ros2_ws/install/rtabmap/include/rtabmap-0.21/rtabmap/gui/KeypointItem.h
-- Up-to-date: /home/user/ros2_ws/install/rtabmap/include/rtabmap-0.21/rtabmap/gui/PostProcessingDialog.h
-- Up-to-date: /home/user/ros2_ws/install/rtabmap/include/rtabmap-0.21/rtabmap/gui/MapVisibilityWidget.h
-- Up-to-date: /home/user/ros2_ws/install/rtabmap/include/rtabmap-0.21/rtabmap/gui/GraphViewer.h
-- Up-to-date: /home/user/ros2_ws/install/rtabmap/include/rtabmap-0.21/rtabmap/gui/DataRecorder.h
-- Up-to-date: /home/user/ros2_ws/install/rtabmap/include/rtabmap-0.21/rtabmap/gui/CameraViewer.h
-- Up-to-date: /home/user/ros2_ws/install/rtabmap/include/rtabmap-0.21/rtabmap/gui/LoopClosureViewer.h
-- Up-to-date: /home/user/ros2_ws/install/rtabmap/include/rtabmap-0.21/rtabmap/gui/StatsToolBox.h
-- Up-to-date: /home/user/ros2_ws/install/rtabmap/include/rtabmap-0.21/rtabmap/gui/MainWindow.h
-- Up-to-date: /home/user/ros2_ws/install/rtabmap/include/rtabmap-0.21/rtabmap/gui/ExportCloudsDialog.h
-- Up-to-date: /home/user/ros2_ws/install/rtabmap/include/rtabmap-0.21/rtabmap/gui/AboutDialog.h
-- Up-to-date: /home/user/ros2_ws/install/rtabmap/include/rtabmap-0.21/rtabmap/gui/ProgressDialog.h
-- Up-to-date: /home/user/ros2_ws/install/rtabmap/include/rtabmap-0.21/rtabmap/gui/ExportBundlerDialog.h
-- Up-to-date: /home/user/ros2_ws/install/rtabmap/include/rtabmap-0.21/rtabmap/gui/PdfPlot.h
-- Up-to-date: /home/user/ros2_ws/install/rtabmap/include/rtabmap-0.21/rtabmap/gui/ExportDialog.h
-- Up-to-date: /home/user/ros2_ws/install/rtabmap/include/rtabmap-0.21/rtabmap/gui/LinkRefiningDialog.h
-- Up-to-date: /home/user/ros2_ws/install/rtabmap/include/rtabmap-0.21/rtabmap/gui/DatabaseViewer.h
-- Up-to-date: /home/user/ros2_ws/install/rtabmap/include/rtabmap-0.21/rtabmap/gui/CreateSimpleCalibrationDialog.h
-- Up-to-date: /home/user/ros2_ws/install/rtabmap/include/rtabmap-0.21/rtabmap/gui/MultiSessionLocWidget.h
-- Up-to-date: /home/user/ros2_ws/install/rtabmap/include/rtabmap-0.21/rtabmap/gui/MultiSessionLocSubView.h
-- Up-to-date: /home/user/ros2_ws/install/rtabmap/include/rtabmap-0.21/rtabmap/gui/CloudViewerInteractorStyle.h
-- Up-to-date: /home/user/ros2_ws/install/rtabmap/include/rtabmap-0.21/rtabmap/gui/CloudViewerCellPicker.h
-- Up-to-date: /home/user/ros2_ws/install/rtabmap/include/rtabmap-0.21/rtabmap/gui/EditConstraintDialog.h
-- Up-to-date: /home/user/ros2_ws/install/rtabmap/include/rtabmap-0.21/rtabmap/gui/ImageView.h
-- Up-to-date: /home/user/ros2_ws/install/rtabmap/include/rtabmap-0.21/rtabmap/gui/ConsoleWidget.h
-- Up-to-date: /home/user/ros2_ws/install/rtabmap/include/rtabmap-0.21/rtabmap/gui/ParametersToolBox.h
-- Up-to-date: /home/user/ros2_ws/install/rtabmap/include/rtabmap-0.21/rtabmap/gui/DepthCalibrationDialog.h
-- Up-to-date: /home/user/ros2_ws/install/rtabmap/include/rtabmap-0.21/rtabmap/gui/RecoveryState.h
-- Up-to-date: /home/user/ros2_ws/install/rtabmap/include/rtabmap-0.21/rtabmap/gui/CalibrationDialog.h
-- Up-to-date: /home/user/ros2_ws/install/rtabmap/include/rtabmap-0.21/rtabmap/gui/PreferencesDialog.h
-- Up-to-date: /home/user/ros2_ws/install/rtabmap/include/rtabmap-0.21/rtabmap/gui/EditDepthArea.h
-- Up-to-date: /home/user/ros2_ws/install/rtabmap/include/rtabmap-0.21/rtabmap/gui/OdometryViewer.h
-- Up-to-date: /home/user/ros2_ws/install/rtabmap/include/rtabmap-0.21/rtabmap/gui/TexturingState.h
-- Up-to-date: /home/user/ros2_ws/install/rtabmap/include/rtabmap-0.21/rtabmap/gui/CloudViewer.h
-- Up-to-date: /home/user/ros2_ws/install/rtabmap/include/rtabmap-0.21/rtabmap/gui/EditMapArea.h
-- Up-to-date: /home/user/ros2_ws/install/rtabmap/include/rtabmap-0.21/rtabmap/utilite
-- Up-to-date: /home/user/ros2_ws/install/rtabmap/include/rtabmap-0.21/rtabmap/utilite/UCv2Qt.h
-- Up-to-date: /home/user/ros2_ws/install/rtabmap/include/rtabmap-0.21/rtabmap/utilite/UImageView.h
-- Up-to-date: /home/user/ros2_ws/install/rtabmap/include/rtabmap-0.21/rtabmap/utilite/UPlot.h
-- Up-to-date: /home/user/ros2_ws/install/rtabmap/include/rtabmap-0.21/rtabmap
-- Up-to-date: /home/user/ros2_ws/install/rtabmap/include/rtabmap-0.21/rtabmap/gui
-- Up-to-date: /home/user/ros2_ws/install/rtabmap/include/rtabmap-0.21/rtabmap/gui/rtabmap_gui_export.h
-- Up-to-date: /home/user/ros2_ws/install/rtabmap/lib/rtabmap-0.21/RTABMap_guiTargets.cmake
-- Up-to-date: /home/user/ros2_ws/install/rtabmap/lib/rtabmap-0.21/RTABMap_guiTargets-release.cmake
-- Up-to-date: /home/user/ros2_ws/install/rtabmap/bin/rtabmap
-- Up-to-date: /home/user/ros2_ws/install/rtabmap/bin/rtabmap-console
-- Up-to-date: /home/user/ros2_ws/install/rtabmap/bin/rtabmap-extractObject
-- Up-to-date: /home/user/ros2_ws/install/rtabmap/bin/rtabmap-camera
-- Up-to-date: /home/user/ros2_ws/install/rtabmap/bin/rtabmap-kitti_dataset
-- Up-to-date: /home/user/ros2_ws/install/rtabmap/bin/rtabmap-rgbd_dataset
-- Up-to-date: /home/user/ros2_ws/install/rtabmap/bin/rtabmap-euroc_dataset
-- Up-to-date: /home/user/ros2_ws/install/rtabmap/bin/rtabmap-recovery
-- Up-to-date: /home/user/ros2_ws/install/rtabmap/bin/rtabmap-reprocess
-- Up-to-date: /home/user/ros2_ws/install/rtabmap/bin/rtabmap-detectMoreLoopClosures
-- Up-to-date: /home/user/ros2_ws/install/rtabmap/bin/rtabmap-export
-- Up-to-date: /home/user/ros2_ws/install/rtabmap/bin/rtabmap-report
-- Up-to-date: /home/user/ros2_ws/install/rtabmap/bin/rtabmap-info
-- Up-to-date: /home/user/ros2_ws/install/rtabmap/bin/rtabmap-cleanupLocalGrids
-- Up-to-date: /home/user/ros2_ws/install/rtabmap/bin/rtabmap-globalBundleAdjustment
-- Up-to-date: /home/user/ros2_ws/install/rtabmap/bin/rtabmap-rgbd_camera
-- Up-to-date: /home/user/ros2_ws/install/rtabmap/bin/rtabmap-databaseViewer
-- Up-to-date: /home/user/ros2_ws/install/rtabmap/bin/rtabmap-odometryViewer
-- Up-to-date: /home/user/ros2_ws/install/rtabmap/bin/rtabmap-dataRecorder
-- Up-to-date: /home/user/ros2_ws/install/rtabmap/bin/rtabmap-calibration
Traceback (most recent call last):
  File "/usr/lib/python3/dist-packages/colcon_core/executor/sequential.py", line 48, in execute
    loop.run_until_complete(future)
  File "/usr/lib/python3.10/asyncio/base_events.py", line 636, in run_until_complete
    self.run_forever()
  File "/usr/lib/python3.10/asyncio/base_events.py", line 603, in run_forever
    self._run_once()
  File "/usr/lib/python3.10/asyncio/base_events.py", line 1871, in _run_once
    event_list = self._selector.select(timeout)
  File "/usr/lib/python3.10/selectors.py", line 469, in select
    fd_event_list = self._selector.poll(timeout, max_ev)
KeyboardInterrupt

During handling of the above exception, another exception occurred:

Traceback (most recent call last):
  File "/usr/lib/python3/dist-packages/colcon_core/executor/__init__.py", line 91, in __call__
    rc = await self.task(*args, **kwargs)
  File "/usr/lib/python3/dist-packages/colcon_core/task/__init__.py", line 93, in __call__
    return await task_method(*args, **kwargs)
  File "/usr/lib/python3/dist-packages/colcon_ros/task/cmake/build.py", line 39, in build
    has_install_target = await has_target(args.build_base, 'install')
  File "/usr/lib/python3/dist-packages/colcon_cmake/task/cmake/__init__.py", line 57, in has_target
    return target in await get_makefile_targets(path)
  File "/usr/lib/python3/dist-packages/colcon_cmake/task/cmake/__init__.py", line 77, in get_makefile_targets
    output = await check_output([
  File "/usr/lib/python3/dist-packages/colcon_core/subprocess.py", line 129, in check_output
    assert not rc, f'Expected {args} to pass: {stderr_data}'
AssertionError: Expected ['/usr/bin/cmake', '--build', '/home/user/ros2_ws/build/rtabmap', '--target', 'help'] to pass: 
